<?xml version="1.0" encoding="UTF-8"?>
<!-- Generated by org.testng.reporters.JUnitReportReporter -->
<testsuite skipped="0" hostname="LKNDSS1Z43MQ2" name="com.wordpress.pageactions.loginPage" tests="1" failures="0" timestamp="2019-12-16T17:21:08 IST" time="11.393" errors="0">
  <testcase name="doLogin" time="11.393" classname="com.wordpress.pageactions.loginPage"/>
</testsuite> <!-- com.wordpress.pageactions.loginPage -->
