<?xml version="1.0" encoding="UTF-8"?>
<!-- Generated by org.testng.reporters.JUnitReportReporter -->
<testsuite skipped="0" hostname="LKNDSS1Z43MQ2" name="com.wordpress.pageactions.sslogin" tests="1" failures="0" timestamp="2019-12-13T11:39:34 IST" time="10.240" errors="0">
  <testcase name="capturescrrenshot" time="10.240" classname="com.wordpress.pageactions.sslogin"/>
</testsuite> <!-- com.wordpress.pageactions.sslogin -->
